<html>
<head>
<title>TestNG:  Glass Lewis</title>
<link href="../testng.css" rel="stylesheet" type="text/css" />
<link href="../my-testng.css" rel="stylesheet" type="text/css" />

<style type="text/css">
.log { display: none;} 
.stack-trace { display: none;} 
</style>
<script type="text/javascript">
<!--
function flip(e) {
  current = e.style.display;
  if (current == 'block') {
    e.style.display = 'none';
    return 0;
  }
  else {
    e.style.display = 'block';
    return 1;
  }
}

function toggleBox(szDivId, elem, msg1, msg2)
{
  var res = -1;  if (document.getElementById) {
    res = flip(document.getElementById(szDivId));
  }
  else if (document.all) {
    // this is the way old msie versions work
    res = flip(document.all[szDivId]);
  }
  if(elem) {
    if(res == 0) elem.innerHTML = msg1; else elem.innerHTML = msg2;
  }

}

function toggleAllBoxes() {
  if (document.getElementsByTagName) {
    d = document.getElementsByTagName('div');
    for (i = 0; i < d.length; i++) {
      if (d[i].className == 'log') {
        flip(d[i]);
      }
    }
  }
}

// -->
</script>

</head>
<body>
<h2 align='center'>Glass Lewis</h2><table border='1' align="center">
<tr>
<td>Tests passed/Failed/Skipped:</td><td>0/3/0</td>
</tr><tr>
<td>Started on:</td><td>Mon Feb 22 09:52:11 IST 2021</td>
</tr>
<tr><td>Total time:</td><td>58 seconds (58893 ms)</td>
</tr><tr>
<td>Included groups:</td><td></td>
</tr><tr>
<td>Excluded groups:</td><td></td>
</tr>
</table><p/>
<small><i>(Hover the method name to see the test class name)</i></small><p/>
<table width='100%' border='1' class='invocation-failed'>
<tr><td colspan='4' align='center'><b>FAILED TESTS</b></td></tr>
<tr><td><b>Test method</b></td>
<td width="30%"><b>Exception</b></td>
<td width="10%"><b>Time (seconds)</b></td>
<td><b>Instance</b></td>
</tr>
<tr>
<td title='tests.VerifyCompanyVoteCardTest.verifyCompanyVoteCardTest()'><b>verifyCompanyVoteCardTest</b><br>Test class: tests.VerifyCompanyVoteCardTest<br>Parameters: chrome</td>
<td><div><pre>java.lang.AssertionError: Click on Items per page arrow icon failed
	at utils.GenericUtils.click(GenericUtils.java:109)
	at pages.VerifyCompanyVoteCardPage.clickItemsPerPageArrow(VerifyCompanyVoteCardPage.java:59)
	at tests.VerifyCompanyVoteCardTest.verifyCompanyVoteCardTest(VerifyCompanyVoteCardTest.java:34)
	at java.base/java.util.concurrent.ThreadPoolExecutor.runWorker(ThreadPoolExecutor.java:1128)
	at java.base/java.util.concurrent.ThreadPoolExecutor$Worker.run(ThreadPoolExecutor.java:628)
	at java.base/java.lang.Thread.run(Thread.java:834)
... Removed 13 stack frames</pre></div><a href='#' onClick='toggleBox("stack-trace1568101158", this, "Click to show all stack frames", "Click to hide stack frames")'>Click to show all stack frames</a>
<div class='stack-trace' id='stack-trace1568101158'><pre>java.lang.AssertionError: Click on Items per page arrow icon failed
	at org.testng.Assert.fail(Assert.java:97)
	at utils.GenericUtils.click(GenericUtils.java:109)
	at pages.VerifyCompanyVoteCardPage.clickItemsPerPageArrow(VerifyCompanyVoteCardPage.java:59)
	at tests.VerifyCompanyVoteCardTest.verifyCompanyVoteCardTest(VerifyCompanyVoteCardTest.java:34)
	at java.base/jdk.internal.reflect.NativeMethodAccessorImpl.invoke0(Native Method)
	at java.base/jdk.internal.reflect.NativeMethodAccessorImpl.invoke(NativeMethodAccessorImpl.java:62)
	at java.base/jdk.internal.reflect.DelegatingMethodAccessorImpl.invoke(DelegatingMethodAccessorImpl.java:43)
	at java.base/java.lang.reflect.Method.invoke(Method.java:566)
	at org.testng.internal.MethodInvocationHelper.invokeMethod(MethodInvocationHelper.java:135)
	at org.testng.internal.TestInvoker.invokeMethod(TestInvoker.java:598)
	at org.testng.internal.TestInvoker.invokeTestMethod(TestInvoker.java:174)
	at org.testng.internal.MethodRunner.runInSequence(MethodRunner.java:46)
	at org.testng.internal.TestInvoker$MethodInvocationAgent.invoke(TestInvoker.java:821)
	at org.testng.internal.TestInvoker.invokeTestMethods(TestInvoker.java:147)
	at org.testng.internal.TestMethodWorker.invokeTestMethods(TestMethodWorker.java:146)
	at org.testng.internal.TestMethodWorker.run(TestMethodWorker.java:128)
	at java.base/java.util.concurrent.ThreadPoolExecutor.runWorker(ThreadPoolExecutor.java:1128)
	at java.base/java.util.concurrent.ThreadPoolExecutor$Worker.run(ThreadPoolExecutor.java:628)
	at java.base/java.lang.Thread.run(Thread.java:834)
</pre></div></td>
<td>14</td>
<td>tests.VerifyCompanyVoteCardTest@53976f5c</td></tr>
<tr>
<td title='tests.VerifyCompanyVoteCardTest.verifyCompanyVoteCardTest()'><b>verifyCompanyVoteCardTest</b><br>Test class: tests.VerifyCompanyVoteCardTest<br>Parameters: firefox</td>
<td><div><pre>java.lang.AssertionError: Click on Items per page arrow icon failed
	at utils.GenericUtils.click(GenericUtils.java:109)
	at pages.VerifyCompanyVoteCardPage.clickItemsPerPageArrow(VerifyCompanyVoteCardPage.java:59)
	at tests.VerifyCompanyVoteCardTest.verifyCompanyVoteCardTest(VerifyCompanyVoteCardTest.java:34)
	at java.base/java.util.concurrent.ThreadPoolExecutor.runWorker(ThreadPoolExecutor.java:1128)
	at java.base/java.util.concurrent.ThreadPoolExecutor$Worker.run(ThreadPoolExecutor.java:628)
	at java.base/java.lang.Thread.run(Thread.java:834)
... Removed 13 stack frames</pre></div><a href='#' onClick='toggleBox("stack-trace301447562", this, "Click to show all stack frames", "Click to hide stack frames")'>Click to show all stack frames</a>
<div class='stack-trace' id='stack-trace301447562'><pre>java.lang.AssertionError: Click on Items per page arrow icon failed
	at org.testng.Assert.fail(Assert.java:97)
	at utils.GenericUtils.click(GenericUtils.java:109)
	at pages.VerifyCompanyVoteCardPage.clickItemsPerPageArrow(VerifyCompanyVoteCardPage.java:59)
	at tests.VerifyCompanyVoteCardTest.verifyCompanyVoteCardTest(VerifyCompanyVoteCardTest.java:34)
	at java.base/jdk.internal.reflect.NativeMethodAccessorImpl.invoke0(Native Method)
	at java.base/jdk.internal.reflect.NativeMethodAccessorImpl.invoke(NativeMethodAccessorImpl.java:62)
	at java.base/jdk.internal.reflect.DelegatingMethodAccessorImpl.invoke(DelegatingMethodAccessorImpl.java:43)
	at java.base/java.lang.reflect.Method.invoke(Method.java:566)
	at org.testng.internal.MethodInvocationHelper.invokeMethod(MethodInvocationHelper.java:135)
	at org.testng.internal.TestInvoker.invokeMethod(TestInvoker.java:598)
	at org.testng.internal.TestInvoker.invokeTestMethod(TestInvoker.java:174)
	at org.testng.internal.MethodRunner.runInSequence(MethodRunner.java:46)
	at org.testng.internal.TestInvoker$MethodInvocationAgent.invoke(TestInvoker.java:821)
	at org.testng.internal.TestInvoker.invokeTestMethods(TestInvoker.java:147)
	at org.testng.internal.TestMethodWorker.invokeTestMethods(TestMethodWorker.java:146)
	at org.testng.internal.TestMethodWorker.run(TestMethodWorker.java:128)
	at java.base/java.util.concurrent.ThreadPoolExecutor.runWorker(ThreadPoolExecutor.java:1128)
	at java.base/java.util.concurrent.ThreadPoolExecutor$Worker.run(ThreadPoolExecutor.java:628)
	at java.base/java.lang.Thread.run(Thread.java:834)
</pre></div></td>
<td>10</td>
<td>tests.VerifyCompanyVoteCardTest@53976f5c</td></tr>
<tr>
<td title='tests.VerifyCompanyVoteCardTest.verifyCompanyVoteCardTest()'><b>verifyCompanyVoteCardTest</b><br>Test class: tests.VerifyCompanyVoteCardTest<br>Parameters: chrome-headless</td>
<td><div><pre>java.lang.AssertionError: Company Name Activision does not exist
	at utils.GenericUtils.checkFieldExist(GenericUtils.java:186)
	at pages.VerifyCompanyVoteCardPage.checkCompanyNameBanner(VerifyCompanyVoteCardPage.java:81)
	at tests.VerifyCompanyVoteCardTest.verifyCompanyVoteCardTest(VerifyCompanyVoteCardTest.java:40)
	at java.base/java.util.concurrent.ThreadPoolExecutor.runWorker(ThreadPoolExecutor.java:1128)
	at java.base/java.util.concurrent.ThreadPoolExecutor$Worker.run(ThreadPoolExecutor.java:628)
	at java.base/java.lang.Thread.run(Thread.java:834)
... Removed 13 stack frames</pre></div><a href='#' onClick='toggleBox("stack-trace1394927348", this, "Click to show all stack frames", "Click to hide stack frames")'>Click to show all stack frames</a>
<div class='stack-trace' id='stack-trace1394927348'><pre>java.lang.AssertionError: Company Name Activision does not exist
	at org.testng.Assert.fail(Assert.java:97)
	at utils.GenericUtils.checkFieldExist(GenericUtils.java:186)
	at pages.VerifyCompanyVoteCardPage.checkCompanyNameBanner(VerifyCompanyVoteCardPage.java:81)
	at tests.VerifyCompanyVoteCardTest.verifyCompanyVoteCardTest(VerifyCompanyVoteCardTest.java:40)
	at java.base/jdk.internal.reflect.NativeMethodAccessorImpl.invoke0(Native Method)
	at java.base/jdk.internal.reflect.NativeMethodAccessorImpl.invoke(NativeMethodAccessorImpl.java:62)
	at java.base/jdk.internal.reflect.DelegatingMethodAccessorImpl.invoke(DelegatingMethodAccessorImpl.java:43)
	at java.base/java.lang.reflect.Method.invoke(Method.java:566)
	at org.testng.internal.MethodInvocationHelper.invokeMethod(MethodInvocationHelper.java:135)
	at org.testng.internal.TestInvoker.invokeMethod(TestInvoker.java:598)
	at org.testng.internal.TestInvoker.invokeTestMethod(TestInvoker.java:174)
	at org.testng.internal.MethodRunner.runInSequence(MethodRunner.java:46)
	at org.testng.internal.TestInvoker$MethodInvocationAgent.invoke(TestInvoker.java:821)
	at org.testng.internal.TestInvoker.invokeTestMethods(TestInvoker.java:147)
	at org.testng.internal.TestMethodWorker.invokeTestMethods(TestMethodWorker.java:146)
	at org.testng.internal.TestMethodWorker.run(TestMethodWorker.java:128)
	at java.base/java.util.concurrent.ThreadPoolExecutor.runWorker(ThreadPoolExecutor.java:1128)
	at java.base/java.util.concurrent.ThreadPoolExecutor$Worker.run(ThreadPoolExecutor.java:628)
	at java.base/java.lang.Thread.run(Thread.java:834)
</pre></div></td>
<td>28</td>
<td>tests.VerifyCompanyVoteCardTest@53976f5c</td></tr>
</table><p>
</body>
</html>