<?xml version="1.0" encoding="UTF-8"?>
<!-- Generated by org.testng.reporters.JUnitXMLReporter -->
<testsuite ignored="0" hostname="W-7FM3M13" failures="3" tests="3" name="Platform Sign Up" time="96.094" errors="0" timestamp="2021-02-18T09:48:56 IST">
  <testcase classname="tests.PlatformSignUpTest" name="signUpConversationalAI" time="31.232">
    <failure type="java.lang.AssertionError" message="Click on Register button failed">
      <![CDATA[java.lang.AssertionError: Click on Register button failed
at utils.GenericUtils.actionsClick(GenericUtils.java:73)
at pages.SignUpCAIPage.clickRegisterButton(SignUpCAIPage.java:142)
at tests.PlatformSignUpTest.signUpConversationalAI(PlatformSignUpTest.java:55)
at java.base/java.util.concurrent.ThreadPoolExecutor.runWorker(ThreadPoolExecutor.java:1128)
at java.base/java.util.concurrent.ThreadPoolExecutor$Worker.run(ThreadPoolExecutor.java:628)
at java.base/java.lang.Thread.run(Thread.java:834)
... Removed 13 stack frames]]>
    </failure>
  </testcase> <!-- signUpConversationalAI -->
  <testcase classname="tests.PlatformSignUpTest" name="signUpConversationalAI" time="31.62">
    <failure type="java.lang.AssertionError" message="Click on Register button failed">
      <![CDATA[java.lang.AssertionError: Click on Register button failed
at utils.GenericUtils.actionsClick(GenericUtils.java:73)
at pages.SignUpCAIPage.clickRegisterButton(SignUpCAIPage.java:142)
at tests.PlatformSignUpTest.signUpConversationalAI(PlatformSignUpTest.java:55)
at java.base/java.util.concurrent.ThreadPoolExecutor.runWorker(ThreadPoolExecutor.java:1128)
at java.base/java.util.concurrent.ThreadPoolExecutor$Worker.run(ThreadPoolExecutor.java:628)
at java.base/java.lang.Thread.run(Thread.java:834)
... Removed 13 stack frames]]>
    </failure>
  </testcase> <!-- signUpConversationalAI -->
  <testcase classname="tests.PlatformSignUpTest" name="signUpConversationalAI" time="28.4">
    <failure type="java.lang.AssertionError" message="Click on Register button failed">
      <![CDATA[java.lang.AssertionError: Click on Register button failed
at utils.GenericUtils.actionsClick(GenericUtils.java:73)
at pages.SignUpCAIPage.clickRegisterButton(SignUpCAIPage.java:142)
at tests.PlatformSignUpTest.signUpConversationalAI(PlatformSignUpTest.java:55)
at java.base/java.util.concurrent.ThreadPoolExecutor.runWorker(ThreadPoolExecutor.java:1128)
at java.base/java.util.concurrent.ThreadPoolExecutor$Worker.run(ThreadPoolExecutor.java:628)
at java.base/java.lang.Thread.run(Thread.java:834)
... Removed 13 stack frames]]>
    </failure>
  </testcase> <!-- signUpConversationalAI -->
</testsuite> <!-- Platform Sign Up -->
