<?xml version="1.0" encoding="UTF-8"?>
<testng-results ignored="0" total="3" passed="2" failed="1" skipped="0">
  <reporter-output>
  </reporter-output>
  <suite started-at="2021-02-22T14:42:09 IST" name="Default suite" finished-at="2021-02-22T14:43:55 IST" duration-ms="105913">
    <groups>
    </groups>
    <test started-at="2021-02-22T14:42:09 IST" name="Default test" finished-at="2021-02-22T14:43:55 IST" duration-ms="105913">
      <class name="tests.VerifyCompanyVoteCardTest">
        <test-method is-config="true" signature="beforeSuite()[pri:0, instance:tests.VerifyCompanyVoteCardTest@696da30b]" started-at="2021-02-22T14:42:09 IST" name="beforeSuite" finished-at="2021-02-22T14:42:09 IST" duration-ms="50" status="PASS">
          <reporter-output>
          </reporter-output>
        </test-method> <!-- beforeSuite -->
        <test-method is-config="true" signature="beforeMethod()[pri:0, instance:tests.VerifyCompanyVoteCardTest@696da30b]" started-at="2021-02-22T14:42:12 IST" name="beforeMethod" finished-at="2021-02-22T14:42:12 IST" duration-ms="0" status="PASS">
          <reporter-output>
          </reporter-output>
        </test-method> <!-- beforeMethod -->
        <test-method signature="verifyCompanyVoteCardTest(java.lang.String)[pri:0, instance:tests.VerifyCompanyVoteCardTest@696da30b]" started-at="2021-02-22T14:42:12 IST" name="verifyCompanyVoteCardTest" data-provider="data" finished-at="2021-02-22T14:42:47 IST" duration-ms="35025" status="PASS">
          <params>
            <param index="0">
              <value>
                <![CDATA[chrome]]>
              </value>
            </param>
          </params>
          <reporter-output>
          </reporter-output>
        </test-method> <!-- verifyCompanyVoteCardTest -->
        <test-method is-config="true" signature="afterMethod()[pri:0, instance:tests.VerifyCompanyVoteCardTest@696da30b]" started-at="2021-02-22T14:42:47 IST" name="afterMethod" finished-at="2021-02-22T14:42:49 IST" duration-ms="1971" status="PASS">
          <reporter-output>
          </reporter-output>
        </test-method> <!-- afterMethod -->
        <test-method is-config="true" signature="beforeMethod()[pri:0, instance:tests.VerifyCompanyVoteCardTest@696da30b]" started-at="2021-02-22T14:42:49 IST" name="beforeMethod" finished-at="2021-02-22T14:42:49 IST" duration-ms="0" status="PASS">
          <reporter-output>
          </reporter-output>
        </test-method> <!-- beforeMethod -->
        <test-method signature="verifyCompanyVoteCardTest(java.lang.String)[pri:0, instance:tests.VerifyCompanyVoteCardTest@696da30b]" started-at="2021-02-22T14:42:49 IST" name="verifyCompanyVoteCardTest" data-provider="data" finished-at="2021-02-22T14:43:23 IST" duration-ms="34117" status="FAIL">
          <params>
            <param index="0">
              <value>
                <![CDATA[firefox]]>
              </value>
            </param>
          </params>
          <exception class="java.lang.AssertionError">
            <message>
              <![CDATA[Click on Go to next page failed]]>
            </message>
            <full-stacktrace>
              <![CDATA[java.lang.AssertionError: Click on Go to next page failed
at org.testng.Assert.fail(Assert.java:97)
at utils.GenericUtils.actionsClick(GenericUtils.java:82)
at pages.VerifyCompanyVoteCardPage.checkCompanyNameActivision(VerifyCompanyVoteCardPage.java:72)
at tests.VerifyCompanyVoteCardTest.verifyCompanyVoteCardTest(VerifyCompanyVoteCardTest.java:42)
at java.base/jdk.internal.reflect.NativeMethodAccessorImpl.invoke0(Native Method)
at java.base/jdk.internal.reflect.NativeMethodAccessorImpl.invoke(NativeMethodAccessorImpl.java:62)
at java.base/jdk.internal.reflect.DelegatingMethodAccessorImpl.invoke(DelegatingMethodAccessorImpl.java:43)
at java.base/java.lang.reflect.Method.invoke(Method.java:566)
at org.testng.internal.MethodInvocationHelper.invokeMethod(MethodInvocationHelper.java:135)
at org.testng.internal.TestInvoker.invokeMethod(TestInvoker.java:598)
at org.testng.internal.TestInvoker.invokeTestMethod(TestInvoker.java:174)
at org.testng.internal.MethodRunner.runInSequence(MethodRunner.java:46)
at org.testng.internal.TestInvoker$MethodInvocationAgent.invoke(TestInvoker.java:821)
at org.testng.internal.TestInvoker.invokeTestMethods(TestInvoker.java:147)
at org.testng.internal.TestMethodWorker.invokeTestMethods(TestMethodWorker.java:146)
at org.testng.internal.TestMethodWorker.run(TestMethodWorker.java:128)
at java.base/java.util.ArrayList.forEach(ArrayList.java:1541)
at org.testng.TestRunner.privateRun(TestRunner.java:767)
at org.testng.TestRunner.run(TestRunner.java:588)
at org.testng.SuiteRunner.runTest(SuiteRunner.java:384)
at org.testng.SuiteRunner.runSequentially(SuiteRunner.java:378)
at org.testng.SuiteRunner.privateRun(SuiteRunner.java:337)
at org.testng.SuiteRunner.run(SuiteRunner.java:286)
at org.testng.SuiteRunnerWorker.runSuite(SuiteRunnerWorker.java:53)
at org.testng.SuiteRunnerWorker.run(SuiteRunnerWorker.java:96)
at org.testng.TestNG.runSuitesSequentially(TestNG.java:1214)
at org.testng.TestNG.runSuitesLocally(TestNG.java:1136)
at org.testng.TestNG.runSuites(TestNG.java:1066)
at org.testng.TestNG.run(TestNG.java:1034)
at org.testng.remote.AbstractRemoteTestNG.run(AbstractRemoteTestNG.java:115)
at org.testng.remote.RemoteTestNG.initAndRun(RemoteTestNG.java:251)
at org.testng.remote.RemoteTestNG.main(RemoteTestNG.java:77)
]]>
            </full-stacktrace>
          </exception> <!-- java.lang.AssertionError -->
          <reporter-output>
          </reporter-output>
        </test-method> <!-- verifyCompanyVoteCardTest -->
        <test-method is-config="true" signature="afterMethod()[pri:0, instance:tests.VerifyCompanyVoteCardTest@696da30b]" started-at="2021-02-22T14:43:23 IST" name="afterMethod" finished-at="2021-02-22T14:43:26 IST" duration-ms="2943" status="PASS">
          <reporter-output>
          </reporter-output>
        </test-method> <!-- afterMethod -->
        <test-method is-config="true" signature="beforeMethod()[pri:0, instance:tests.VerifyCompanyVoteCardTest@696da30b]" started-at="2021-02-22T14:43:26 IST" name="beforeMethod" finished-at="2021-02-22T14:43:26 IST" duration-ms="0" status="PASS">
          <reporter-output>
          </reporter-output>
        </test-method> <!-- beforeMethod -->
        <test-method signature="verifyCompanyVoteCardTest(java.lang.String)[pri:0, instance:tests.VerifyCompanyVoteCardTest@696da30b]" started-at="2021-02-22T14:43:26 IST" name="verifyCompanyVoteCardTest" data-provider="data" finished-at="2021-02-22T14:43:54 IST" duration-ms="28394" status="PASS">
          <params>
            <param index="0">
              <value>
                <![CDATA[chrome-headless]]>
              </value>
            </param>
          </params>
          <reporter-output>
          </reporter-output>
        </test-method> <!-- verifyCompanyVoteCardTest -->
        <test-method is-config="true" signature="afterMethod()[pri:0, instance:tests.VerifyCompanyVoteCardTest@696da30b]" started-at="2021-02-22T14:43:54 IST" name="afterMethod" finished-at="2021-02-22T14:43:55 IST" duration-ms="833" status="PASS">
          <reporter-output>
          </reporter-output>
        </test-method> <!-- afterMethod -->
        <test-method is-config="true" signature="afterSuite()[pri:0, instance:tests.VerifyCompanyVoteCardTest@696da30b]" started-at="2021-02-22T14:43:55 IST" name="afterSuite" finished-at="2021-02-22T14:43:55 IST" duration-ms="1" status="PASS">
          <reporter-output>
          </reporter-output>
        </test-method> <!-- afterSuite -->
      </class> <!-- tests.VerifyCompanyVoteCardTest -->
    </test> <!-- Default test -->
  </suite> <!-- Default suite -->
</testng-results>
